<?xml version="1.0" encoding="UTF-8"?>
<!-- Generated by org.testng.reporters.JUnitXMLReporter -->
<testsuite ignored="0" hostname="SEVEN-BITS" failures="0" tests="3" name="LoginTest" time="18.144" errors="0" timestamp="2022-09-24T19:30:19 IST">
  <testcase classname="com.luma.testcases.LoginPageTest" name="navTest" time="1.647"/>
  <testcase classname="com.luma.testcases.LoginPageTest" name="loginTest" time="2.129"/>
  <testcase classname="com.luma.testcases.LoginPageTest" name="verifyLoginTest" time="0.129"/>
</testsuite> <!-- LoginTest -->
