<?xml version="1.0" encoding="UTF-8"?>
<!-- Generated by org.testng.reporters.JUnitXMLReporter -->
<testsuite ignored="0" hostname="SEVEN-BITS" failures="0" tests="3" name="LoginTest" time="10.116" errors="0" timestamp="2023-01-30T10:12:34 IST">
  <testcase classname="com.luma.testcases.LoginPageTest" name="navTest" time="1.372"/>
  <testcase classname="com.luma.testcases.LoginPageTest" name="loginTest" time="2.152"/>
  <testcase classname="com.luma.testcases.LoginPageTest" name="verifyLoginTest" time="0.102"/>
</testsuite> <!-- LoginTest -->
