<?xml version="1.0" encoding="UTF-8"?>
<!-- Generated by org.testng.reporters.JUnitXMLReporter -->
<testsuite ignored="0" hostname="SEVEN-BITS" failures="0" tests="3" name="LoginTest" time="11.589" errors="0" timestamp="2023-01-30T15:31:01 IST">
  <testcase classname="com.luma.testcases.LoginPageTest" name="navTest" time="1.288"/>
  <testcase classname="com.luma.testcases.LoginPageTest" name="loginTest" time="1.871"/>
  <testcase classname="com.luma.testcases.LoginPageTest" name="verifyLoginTest" time="0.091"/>
</testsuite> <!-- LoginTest -->
