<?xml version="1.0" encoding="UTF-8"?>
<!-- Generated by org.testng.reporters.JUnitXMLReporter -->
<testsuite ignored="0" hostname="SEVEN-BITS" failures="0" tests="3" name="LoginTest" time="21.865" errors="0" timestamp="2023-01-30T09:48:15 IST">
  <testcase classname="com.luma.testcases.LoginPageTest" name="navTest" time="1.195"/>
  <testcase classname="com.luma.testcases.LoginPageTest" name="loginTest" time="2.272"/>
  <testcase classname="com.luma.testcases.LoginPageTest" name="verifyLoginTest" time="0.057"/>
</testsuite> <!-- LoginTest -->
