<?xml version="1.0" encoding="UTF-8"?>
<!-- Generated by org.testng.reporters.JUnitXMLReporter -->
<testsuite ignored="1" hostname="SEVEN-BITS" failures="0" tests="1" name="ProductTest" time="28.631" errors="0" timestamp="2023-01-30T18:43:49 IST">
  <testcase classname="com.luma.testcases.HomePageTest" name="listPageTest" time="19.479"/>
  <testcase classname="com.luma.testcases.HomePageTest" name="homePageTest" time="0.0">
    <ignored/>
  </testcase> <!-- homePageTest -->
</testsuite> <!-- ProductTest -->
