<?xml version="1.0" encoding="UTF-8"?>
<testng-results ignored="0" total="3" passed="3" failed="0" skipped="0">
  <reporter-output>
  </reporter-output>
  <suite started-at="2023-01-30T15:30:49 IST" name="All" finished-at="2023-01-30T15:31:00 IST" duration-ms="11589">
    <groups>
    </groups>
    <test started-at="2023-01-30T15:30:49 IST" name="LoginTest" finished-at="2023-01-30T15:31:00 IST" duration-ms="11589">
      <class name="com.luma.testcases.LoginPageTest">
        <test-method is-config="true" signature="setUp(java.lang.String)[pri:0, instance:com.luma.testcases.LoginPageTest@2bffa76d]" started-at="2023-01-30T15:30:49 IST" name="setUp" finished-at="2023-01-30T15:30:56 IST" duration-ms="7062" status="PASS">
          <params>
            <param index="0">
              <value>
                <![CDATA[chrome]]>
              </value>
            </param>
          </params>
          <reporter-output>
          </reporter-output>
        </test-method> <!-- setUp -->
        <test-method signature="navTest()[pri:0, instance:com.luma.testcases.LoginPageTest@2bffa76d]" started-at="2023-01-30T15:30:56 IST" name="navTest" finished-at="2023-01-30T15:30:57 IST" duration-ms="1288" status="PASS">
          <reporter-output>
          </reporter-output>
        </test-method> <!-- navTest -->
        <test-method signature="loginTest(java.lang.String,java.lang.String)[pri:0, instance:com.luma.testcases.LoginPageTest@2bffa76d]" started-at="2023-01-30T15:30:58 IST" name="loginTest" data-provider="excelData" finished-at="2023-01-30T15:31:00 IST" duration-ms="1871" status="PASS">
          <params>
            <param index="0">
              <value>
                <![CDATA[vishal@sbt.com]]>
              </value>
            </param>
            <param index="1">
              <value>
                <![CDATA[Vishal@26]]>
              </value>
            </param>
          </params>
          <reporter-output>
          </reporter-output>
        </test-method> <!-- loginTest -->
        <test-method signature="verifyLoginTest()[pri:0, instance:com.luma.testcases.LoginPageTest@2bffa76d]" started-at="2023-01-30T15:31:00 IST" name="verifyLoginTest" finished-at="2023-01-30T15:31:00 IST" duration-ms="91" status="PASS">
          <reporter-output>
          </reporter-output>
        </test-method> <!-- verifyLoginTest -->
        <test-method is-config="true" signature="tearDown()[pri:0, instance:com.luma.testcases.LoginPageTest@2bffa76d]" started-at="2023-01-30T15:31:00 IST" name="tearDown" finished-at="2023-01-30T15:31:00 IST" duration-ms="272" status="PASS">
          <reporter-output>
          </reporter-output>
        </test-method> <!-- tearDown -->
      </class> <!-- com.luma.testcases.LoginPageTest -->
    </test> <!-- LoginTest -->
  </suite> <!-- All -->
</testng-results>
