<?xml version="1.0" encoding="UTF-8"?>
<testsuite xmlns:xsi="http://www.w3.org/2001/XMLSchema-instance" xsi:noNamespaceSchemaLocation="https://maven.apache.org/surefire/maven-surefire-plugin/xsd/surefire-test-report-3.0.xsd" version="3.0" name="TestSuite" time="15.604" tests="3" errors="0" skipped="0" failures="0">
  <properties>
[...]
</properties>
  <testcase name="navTest" classname="com.luma.testcases.LoginPageTest" time="1.168">
    <system-out><![CDATA[[DEBUG] 2023-01-30 15:50:05.381 [TestNG-tests-1] InternalLoggerFactory - Using Log4J2 as the default logging framework
[DEBUG] 2023-01-30 15:50:05.392 [TestNG-tests-1] ResourceLeakDetector - -Dio.netty.leakDetection.level: simple
[DEBUG] 2023-01-30 15:50:05.393 [TestNG-tests-1] ResourceLeakDetector - -Dio.netty.leakDetection.targetRecords: 4
[DEBUG] 2023-01-30 15:50:05.399 [TestNG-tests-1] ResourceLeakDetectorFactory - Loaded default ResourceLeakDetector: io.netty.util.ResourceLeakDetector@20ab04a4
[DEBUG] 2023-01-30 15:50:05.418 [TestNG-tests-1] PlatformDependent0 - -Dio.netty.noUnsafe: false
[DEBUG] 2023-01-30 15:50:05.424 [TestNG-tests-1] PlatformDependent0 - Java version: 11
[DEBUG] 2023-01-30 15:50:05.427 [TestNG-tests-1] PlatformDependent0 - sun.misc.Unsafe.theUnsafe: available
[DEBUG] 2023-01-30 15:50:05.428 [TestNG-tests-1] PlatformDependent0 - sun.misc.Unsafe.copyMemory: available
[DEBUG] 2023-01-30 15:50:05.429 [TestNG-tests-1] PlatformDependent0 - sun.misc.Unsafe.storeFence: available
[DEBUG] 2023-01-30 15:50:05.429 [TestNG-tests-1] PlatformDependent0 - java.nio.Buffer.address: available
[DEBUG] 2023-01-30 15:50:05.430 [TestNG-tests-1] PlatformDependent0 - direct buffer constructor: unavailable: Reflective setAccessible(true) disabled
[DEBUG] 2023-01-30 15:50:05.431 [TestNG-tests-1] PlatformDependent0 - java.nio.Bits.unaligned: available, true
[DEBUG] 2023-01-30 15:50:05.433 [TestNG-tests-1] PlatformDependent0 - jdk.internal.misc.Unsafe.allocateUninitializedArray(int): unavailable: class io.netty.util.internal.PlatformDependent0$7 cannot access class jdk.internal.misc.Unsafe (in module java.base) because module java.base does not export jdk.internal.misc to unnamed module @4e4d29b8
[DEBUG] 2023-01-30 15:50:05.434 [TestNG-tests-1] PlatformDependent0 - java.nio.DirectByteBuffer.<init>(long, int): unavailable
[DEBUG] 2023-01-30 15:50:05.435 [TestNG-tests-1] PlatformDependent - sun.misc.Unsafe: available
[DEBUG] 2023-01-30 15:50:05.436 [TestNG-tests-1] PlatformDependent - maxDirectMemory: 5289017344 bytes (maybe)
[DEBUG] 2023-01-30 15:50:05.438 [TestNG-tests-1] PlatformDependent - -Dio.netty.tmpdir: C:\Users\Asus\AppData\Local\Temp (java.io.tmpdir)
[DEBUG] 2023-01-30 15:50:05.438 [TestNG-tests-1] PlatformDependent - -Dio.netty.bitMode: 64 (sun.arch.data.model)
[DEBUG] 2023-01-30 15:50:05.438 [TestNG-tests-1] PlatformDependent - Platform: Windows
[DEBUG] 2023-01-30 15:50:05.439 [TestNG-tests-1] PlatformDependent - -Dio.netty.maxDirectMemory: -1 bytes
[DEBUG] 2023-01-30 15:50:05.440 [TestNG-tests-1] PlatformDependent - -Dio.netty.uninitializedArrayAllocationThreshold: -1
[DEBUG] 2023-01-30 15:50:05.441 [TestNG-tests-1] CleanerJava9 - java.nio.ByteBuffer.cleaner(): available
[DEBUG] 2023-01-30 15:50:05.441 [TestNG-tests-1] PlatformDependent - -Dio.netty.noPreferDirect: false
[DEBUG] 2023-01-30 15:50:05.450 [TestNG-tests-1] PlatformDependent - org.jctools-core.MpscChunkedArrayQueue: available
[DEBUG] 2023-01-30 15:50:05.473 [TestNG-tests-1] InternalThreadLocalMap - -Dio.netty.threadLocalMap.stringBuilder.initialSize: 1024
[DEBUG] 2023-01-30 15:50:05.474 [TestNG-tests-1] InternalThreadLocalMap - -Dio.netty.threadLocalMap.stringBuilder.maxSize: 4096
[DEBUG] 2023-01-30 15:50:05.488 [TestNG-tests-1] JdkSslContext - Default protocols (JDK): [TLSv1.3, TLSv1.2] 
[DEBUG] 2023-01-30 15:50:05.488 [TestNG-tests-1] JdkSslContext - Default cipher suites (JDK): [TLS_ECDHE_ECDSA_WITH_AES_256_GCM_SHA384, TLS_ECDHE_ECDSA_WITH_AES_128_GCM_SHA256, TLS_ECDHE_RSA_WITH_AES_128_GCM_SHA256, TLS_ECDHE_RSA_WITH_AES_256_GCM_SHA384, TLS_ECDHE_RSA_WITH_AES_128_CBC_SHA, TLS_ECDHE_RSA_WITH_AES_256_CBC_SHA, TLS_RSA_WITH_AES_128_GCM_SHA256, TLS_RSA_WITH_AES_128_CBC_SHA, TLS_RSA_WITH_AES_256_CBC_SHA, TLS_AES_128_GCM_SHA256, TLS_AES_256_GCM_SHA384]
[DEBUG] 2023-01-30 15:50:05.563 [TestNG-tests-1] MultithreadEventLoopGroup - -Dio.netty.eventLoopThreads: 16
[DEBUG] 2023-01-30 15:50:05.574 [TestNG-tests-1] NioEventLoop - -Dio.netty.noKeySetOptimization: false
[DEBUG] 2023-01-30 15:50:05.574 [TestNG-tests-1] NioEventLoop - -Dio.netty.selectorAutoRebuildThreshold: 512
[DEBUG] 2023-01-30 15:50:05.631 [TestNG-tests-1] PooledByteBufAllocator - -Dio.netty.allocator.numHeapArenas: 16
[DEBUG] 2023-01-30 15:50:05.631 [TestNG-tests-1] PooledByteBufAllocator - -Dio.netty.allocator.numDirectArenas: 16
[DEBUG] 2023-01-30 15:50:05.631 [TestNG-tests-1] PooledByteBufAllocator - -Dio.netty.allocator.pageSize: 8192
[DEBUG] 2023-01-30 15:50:05.632 [TestNG-tests-1] PooledByteBufAllocator - -Dio.netty.allocator.maxOrder: 9
[DEBUG] 2023-01-30 15:50:05.632 [TestNG-tests-1] PooledByteBufAllocator - -Dio.netty.allocator.chunkSize: 4194304
[DEBUG] 2023-01-30 15:50:05.632 [TestNG-tests-1] PooledByteBufAllocator - -Dio.netty.allocator.smallCacheSize: 256
[DEBUG] 2023-01-30 15:50:05.632 [TestNG-tests-1] PooledByteBufAllocator - -Dio.netty.allocator.normalCacheSize: 64
[DEBUG] 2023-01-30 15:50:05.632 [TestNG-tests-1] PooledByteBufAllocator - -Dio.netty.allocator.maxCachedBufferCapacity: 32768
[DEBUG] 2023-01-30 15:50:05.632 [TestNG-tests-1] PooledByteBufAllocator - -Dio.netty.allocator.cacheTrimInterval: 8192
[DEBUG] 2023-01-30 15:50:05.633 [TestNG-tests-1] PooledByteBufAllocator - -Dio.netty.allocator.cacheTrimIntervalMillis: 0
[DEBUG] 2023-01-30 15:50:05.633 [TestNG-tests-1] PooledByteBufAllocator - -Dio.netty.allocator.useCacheForAllThreads: false
[DEBUG] 2023-01-30 15:50:05.633 [TestNG-tests-1] PooledByteBufAllocator - -Dio.netty.allocator.maxCachedByteBuffersPerChunk: 1023
[DEBUG] 2023-01-30 15:50:05.644 [TestNG-tests-1] ByteBufUtil - -Dio.netty.allocator.type: pooled
[DEBUG] 2023-01-30 15:50:05.644 [TestNG-tests-1] ByteBufUtil - -Dio.netty.threadLocalDirectBufferSize: 0
[DEBUG] 2023-01-30 15:50:05.645 [TestNG-tests-1] ByteBufUtil - -Dio.netty.maxThreadLocalCharBufferSize: 16384
[DEBUG] 2023-01-30 15:50:06.124 [Forwarding newSession on session null to remote] DefaultChannelId - -Dio.netty.processId: 2792 (auto-detected)
[DEBUG] 2023-01-30 15:50:06.128 [Forwarding newSession on session null to remote] NetUtil - -Djava.net.preferIPv4Stack: false
[DEBUG] 2023-01-30 15:50:06.128 [Forwarding newSession on session null to remote] NetUtil - -Djava.net.preferIPv6Addresses: false
[DEBUG] 2023-01-30 15:50:06.620 [Forwarding newSession on session null to remote] NetUtilInitializations - Loopback interface: lo (Software Loopback Interface 1, 127.0.0.1)
[DEBUG] 2023-01-30 15:50:06.622 [Forwarding newSession on session null to remote] NetUtil - Failed to get SOMAXCONN from sysctl and file \proc\sys\net\core\somaxconn. Default: 200
[DEBUG] 2023-01-30 15:50:07.086 [Forwarding newSession on session null to remote] DefaultChannelId - -Dio.netty.machineId: 00:50:56:ff:fe:c0:00:08 (auto-detected)
[DEBUG] 2023-01-30 15:50:07.156 [AsyncHttpClient-1-2] AbstractByteBuf - -Dio.netty.buffer.checkAccessible: true
[DEBUG] 2023-01-30 15:50:07.157 [AsyncHttpClient-1-2] AbstractByteBuf - -Dio.netty.buffer.checkBounds: true
[DEBUG] 2023-01-30 15:50:07.157 [AsyncHttpClient-1-2] ResourceLeakDetectorFactory - Loaded default ResourceLeakDetector: io.netty.util.ResourceLeakDetector@645ae4ef
[DEBUG] 2023-01-30 15:50:07.185 [AsyncHttpClient-1-2] Recycler - -Dio.netty.recycler.maxCapacityPerThread: 4096
[DEBUG] 2023-01-30 15:50:07.185 [AsyncHttpClient-1-2] Recycler - -Dio.netty.recycler.ratio: 8
[DEBUG] 2023-01-30 15:50:07.186 [AsyncHttpClient-1-2] Recycler - -Dio.netty.recycler.chunkSize: 32
[DEBUG] 2023-01-30 15:50:07.186 [AsyncHttpClient-1-2] Recycler - -Dio.netty.recycler.blocking: false
[DEBUG] 2023-01-30 15:50:08.195 [AsyncHttpClient-1-2] Brotli - brotli4j not in the classpath; Brotli support will be unavailable.
[DEBUG] 2023-01-30 15:50:08.420 [TestNG-tests-1] ThreadLocalRandom - -Dio.netty.initialSeedUniquifier: 0xe38e4e0504ac4ba2
[INFO ] 2023-01-30 15:50:11.982 [TestNG-tests-1] LoginPageTest - setup
[INFO ] 2023-01-30 15:50:13.197 [TestNG-tests-1] LoginPage - navigate to create account
[INFO ] 2023-01-30 15:50:13.197 [TestNG-tests-1] LoginPageTest - navigate to login page
]]></system-out>
    <system-err><![CDATA[SLF4J: Failed to load class "org.slf4j.impl.StaticLoggerBinder".
SLF4J: Defaulting to no-operation (NOP) logger implementation
SLF4J: See http://www.slf4j.org/codes.html#StaticLoggerBinder for further details.
Starting ChromeDriver 109.0.5414.74 (e7c5703604daa9cc128ccf5a5d3e993513758913-refs/branch-heads/5414@{#1172}) on port 52435
Only local connections are allowed.
Please see https://chromedriver.chromium.org/security-considerations for suggestions on keeping ChromeDriver safe.
ChromeDriver was started successfully.
Jan 30, 2023 3:50:08 PM org.openqa.selenium.remote.ProtocolHandshake createSession
INFO: Detected upstream dialect: W3C
Jan 30, 2023 3:50:08 PM org.openqa.selenium.devtools.CdpVersionFinder findNearestMatch
WARNING: Unable to find an exact match for CDP version 109, so returning the closest version found: a no-op implementation
Jan 30, 2023 3:50:08 PM org.openqa.selenium.devtools.CdpVersionFinder findNearestMatch
INFO: Unable to find CDP implementation matching 109.
Jan 30, 2023 3:50:08 PM org.openqa.selenium.chromium.ChromiumDriver lambda$new$3
WARNING: Unable to find version of CDP to use for . You may need to include a dependency on a specific version of the CDP using something similar to `org.seleniumhq.selenium:selenium-devtools-v86:4.4.0` where the version ("v86") matches the version of the chromium-based browser you're using and the version number of the artifact is the same as Selenium's.
]]></system-err>
  </testcase>
  <testcase name="loginTest[vishal@sbt.com, Vishal@26](1)" classname="com.luma.testcases.LoginPageTest" time="2.224">
    <system-out><![CDATA[[DEBUG] 2023-01-30 15:50:13.452 [TestNG-tests-1] PackageRelationshipCollection - Parsing relationship: /xl/_rels/workbook.xml.rels
[DEBUG] 2023-01-30 15:50:13.461 [TestNG-tests-1] PackageRelationshipCollection - Parsing relationship: /xl/worksheets/_rels/sheet1.xml.rels
[DEBUG] 2023-01-30 15:50:13.466 [TestNG-tests-1] PackageRelationshipCollection - Parsing relationship: /xl/worksheets/_rels/sheet2.xml.rels
[DEBUG] 2023-01-30 15:50:13.525 [TestNG-tests-1] PackageRelationshipCollection - Parsing relationship: /_rels/.rels
[DEBUG] 2023-01-30 15:50:14.279 [TestNG-tests-1] POIXMLFactory - using default POIXMLDocumentPart for http://schemas.openxmlformats.org/officeDocument/2006/relationships/printerSettings
[INFO ] 2023-01-30 15:50:16.658 [TestNG-tests-1] LoginPage - login
[INFO ] 2023-01-30 15:50:16.658 [TestNG-tests-1] LoginPageTest - login
]]></system-out>
  </testcase>
  <testcase name="verifyLoginTest" classname="com.luma.testcases.LoginPageTest" time="0.053">
    <system-out><![CDATA[Logged in successfully
[INFO ] 2023-01-30 15:50:16.712 [TestNG-tests-1] LoginPage - verify login
[INFO ] 2023-01-30 15:50:16.712 [TestNG-tests-1] LoginPageTest - verifying login
]]></system-out>
  </testcase>
</testsuite>