<?xml version="1.0" encoding="UTF-8"?>
<testsuite xmlns:xsi="http://www.w3.org/2001/XMLSchema-instance" xsi:noNamespaceSchemaLocation="https://maven.apache.org/surefire/maven-surefire-plugin/xsd/surefire-test-report-3.0.xsd" version="3.0" name="TestSuite" time="76.947" tests="14" errors="0" skipped="8" failures="3">
  <properties>
[...]
</properties>
  <testcase name="navTest" classname="com.luma.testcases.LoginPageTest" time="2.004">
    <system-out><![CDATA[[DEBUG] 2023-01-30 18:30:42.058 [TestNG-tests-2] InternalLoggerFactory - Using Log4J2 as the default logging framework
[DEBUG] 2023-01-30 18:30:42.067 [TestNG-tests-2] ResourceLeakDetector - -Dio.netty.leakDetection.level: simple
[DEBUG] 2023-01-30 18:30:42.067 [TestNG-tests-2] ResourceLeakDetector - -Dio.netty.leakDetection.targetRecords: 4
[DEBUG] 2023-01-30 18:30:42.071 [TestNG-tests-2] ResourceLeakDetectorFactory - Loaded default ResourceLeakDetector: io.netty.util.ResourceLeakDetector@18be23bb
[DEBUG] 2023-01-30 18:30:42.089 [TestNG-tests-2] PlatformDependent0 - -Dio.netty.noUnsafe: false
[DEBUG] 2023-01-30 18:30:42.094 [TestNG-tests-2] PlatformDependent0 - Java version: 11
[DEBUG] 2023-01-30 18:30:42.097 [TestNG-tests-2] PlatformDependent0 - sun.misc.Unsafe.theUnsafe: available
[DEBUG] 2023-01-30 18:30:42.098 [TestNG-tests-2] PlatformDependent0 - sun.misc.Unsafe.copyMemory: available
[DEBUG] 2023-01-30 18:30:42.098 [TestNG-tests-2] PlatformDependent0 - sun.misc.Unsafe.storeFence: available
[DEBUG] 2023-01-30 18:30:42.099 [TestNG-tests-2] PlatformDependent0 - java.nio.Buffer.address: available
[DEBUG] 2023-01-30 18:30:42.099 [TestNG-tests-2] PlatformDependent0 - direct buffer constructor: unavailable: Reflective setAccessible(true) disabled
[DEBUG] 2023-01-30 18:30:42.100 [TestNG-tests-2] PlatformDependent0 - java.nio.Bits.unaligned: available, true
[DEBUG] 2023-01-30 18:30:42.101 [TestNG-tests-2] PlatformDependent0 - jdk.internal.misc.Unsafe.allocateUninitializedArray(int): unavailable: class io.netty.util.internal.PlatformDependent0$7 cannot access class jdk.internal.misc.Unsafe (in module java.base) because module java.base does not export jdk.internal.misc to unnamed module @2ac93aa3
[DEBUG] 2023-01-30 18:30:42.103 [TestNG-tests-2] PlatformDependent0 - java.nio.DirectByteBuffer.<init>(long, int): unavailable
[DEBUG] 2023-01-30 18:30:42.103 [TestNG-tests-2] PlatformDependent - sun.misc.Unsafe: available
[DEBUG] 2023-01-30 18:30:42.105 [TestNG-tests-2] PlatformDependent - maxDirectMemory: 5289017344 bytes (maybe)
[DEBUG] 2023-01-30 18:30:42.105 [TestNG-tests-2] PlatformDependent - -Dio.netty.tmpdir: C:\Users\Asus\AppData\Local\Temp (java.io.tmpdir)
[DEBUG] 2023-01-30 18:30:42.106 [TestNG-tests-2] PlatformDependent - -Dio.netty.bitMode: 64 (sun.arch.data.model)
[DEBUG] 2023-01-30 18:30:42.106 [TestNG-tests-2] PlatformDependent - Platform: Windows
[DEBUG] 2023-01-30 18:30:42.107 [TestNG-tests-2] PlatformDependent - -Dio.netty.maxDirectMemory: -1 bytes
[DEBUG] 2023-01-30 18:30:42.107 [TestNG-tests-2] PlatformDependent - -Dio.netty.uninitializedArrayAllocationThreshold: -1
[DEBUG] 2023-01-30 18:30:42.109 [TestNG-tests-2] CleanerJava9 - java.nio.ByteBuffer.cleaner(): available
[DEBUG] 2023-01-30 18:30:42.109 [TestNG-tests-2] PlatformDependent - -Dio.netty.noPreferDirect: false
[DEBUG] 2023-01-30 18:30:42.117 [TestNG-tests-2] PlatformDependent - org.jctools-core.MpscChunkedArrayQueue: available
[DEBUG] 2023-01-30 18:30:42.141 [TestNG-tests-2] InternalThreadLocalMap - -Dio.netty.threadLocalMap.stringBuilder.initialSize: 1024
[DEBUG] 2023-01-30 18:30:42.141 [TestNG-tests-2] InternalThreadLocalMap - -Dio.netty.threadLocalMap.stringBuilder.maxSize: 4096
[DEBUG] 2023-01-30 18:30:42.175 [TestNG-tests-2] JdkSslContext - Default protocols (JDK): [TLSv1.3, TLSv1.2] 
[DEBUG] 2023-01-30 18:30:42.175 [TestNG-tests-2] JdkSslContext - Default cipher suites (JDK): [TLS_ECDHE_ECDSA_WITH_AES_256_GCM_SHA384, TLS_ECDHE_ECDSA_WITH_AES_128_GCM_SHA256, TLS_ECDHE_RSA_WITH_AES_128_GCM_SHA256, TLS_ECDHE_RSA_WITH_AES_256_GCM_SHA384, TLS_ECDHE_RSA_WITH_AES_128_CBC_SHA, TLS_ECDHE_RSA_WITH_AES_256_CBC_SHA, TLS_RSA_WITH_AES_128_GCM_SHA256, TLS_RSA_WITH_AES_128_CBC_SHA, TLS_RSA_WITH_AES_256_CBC_SHA, TLS_AES_128_GCM_SHA256, TLS_AES_256_GCM_SHA384]
[DEBUG] 2023-01-30 18:30:42.204 [TestNG-tests-2] MultithreadEventLoopGroup - -Dio.netty.eventLoopThreads: 16
[DEBUG] 2023-01-30 18:30:42.216 [TestNG-tests-2] NioEventLoop - -Dio.netty.noKeySetOptimization: false
[DEBUG] 2023-01-30 18:30:42.217 [TestNG-tests-2] NioEventLoop - -Dio.netty.selectorAutoRebuildThreshold: 512
[DEBUG] 2023-01-30 18:30:42.297 [TestNG-tests-2] PooledByteBufAllocator - -Dio.netty.allocator.numHeapArenas: 16
[DEBUG] 2023-01-30 18:30:42.297 [TestNG-tests-2] PooledByteBufAllocator - -Dio.netty.allocator.numDirectArenas: 16
[DEBUG] 2023-01-30 18:30:42.298 [TestNG-tests-2] PooledByteBufAllocator - -Dio.netty.allocator.pageSize: 8192
[DEBUG] 2023-01-30 18:30:42.298 [TestNG-tests-2] PooledByteBufAllocator - -Dio.netty.allocator.maxOrder: 9
[DEBUG] 2023-01-30 18:30:42.298 [TestNG-tests-2] PooledByteBufAllocator - -Dio.netty.allocator.chunkSize: 4194304
[DEBUG] 2023-01-30 18:30:42.298 [TestNG-tests-2] PooledByteBufAllocator - -Dio.netty.allocator.smallCacheSize: 256
[DEBUG] 2023-01-30 18:30:42.298 [TestNG-tests-2] PooledByteBufAllocator - -Dio.netty.allocator.normalCacheSize: 64
[DEBUG] 2023-01-30 18:30:42.298 [TestNG-tests-2] PooledByteBufAllocator - -Dio.netty.allocator.maxCachedBufferCapacity: 32768
[DEBUG] 2023-01-30 18:30:42.299 [TestNG-tests-2] PooledByteBufAllocator - -Dio.netty.allocator.cacheTrimInterval: 8192
[DEBUG] 2023-01-30 18:30:42.299 [TestNG-tests-2] PooledByteBufAllocator - -Dio.netty.allocator.cacheTrimIntervalMillis: 0
[DEBUG] 2023-01-30 18:30:42.299 [TestNG-tests-2] PooledByteBufAllocator - -Dio.netty.allocator.useCacheForAllThreads: false
[DEBUG] 2023-01-30 18:30:42.299 [TestNG-tests-2] PooledByteBufAllocator - -Dio.netty.allocator.maxCachedByteBuffersPerChunk: 1023
[DEBUG] 2023-01-30 18:30:42.310 [TestNG-tests-2] ByteBufUtil - -Dio.netty.allocator.type: pooled
[DEBUG] 2023-01-30 18:30:42.310 [TestNG-tests-2] ByteBufUtil - -Dio.netty.threadLocalDirectBufferSize: 0
[DEBUG] 2023-01-30 18:30:42.310 [TestNG-tests-2] ByteBufUtil - -Dio.netty.maxThreadLocalCharBufferSize: 16384
[DEBUG] 2023-01-30 18:30:42.790 [Forwarding newSession on session null to remote] DefaultChannelId - -Dio.netty.processId: 23880 (auto-detected)
[DEBUG] 2023-01-30 18:30:42.795 [Forwarding newSession on session null to remote] NetUtil - -Djava.net.preferIPv4Stack: false
[DEBUG] 2023-01-30 18:30:42.795 [Forwarding newSession on session null to remote] NetUtil - -Djava.net.preferIPv6Addresses: false
[DEBUG] 2023-01-30 18:30:43.303 [Forwarding newSession on session null to remote] NetUtilInitializations - Loopback interface: lo (Software Loopback Interface 1, 127.0.0.1)
[DEBUG] 2023-01-30 18:30:43.305 [Forwarding newSession on session null to remote] NetUtil - Failed to get SOMAXCONN from sysctl and file \proc\sys\net\core\somaxconn. Default: 200
[DEBUG] 2023-01-30 18:30:43.857 [Forwarding newSession on session null to remote] DefaultChannelId - -Dio.netty.machineId: 00:50:56:ff:fe:c0:00:08 (auto-detected)
[DEBUG] 2023-01-30 18:30:43.926 [AsyncHttpClient-1-2] AbstractByteBuf - -Dio.netty.buffer.checkAccessible: true
[DEBUG] 2023-01-30 18:30:43.927 [AsyncHttpClient-1-2] AbstractByteBuf - -Dio.netty.buffer.checkBounds: true
[DEBUG] 2023-01-30 18:30:43.927 [AsyncHttpClient-1-2] ResourceLeakDetectorFactory - Loaded default ResourceLeakDetector: io.netty.util.ResourceLeakDetector@26fad764
[DEBUG] 2023-01-30 18:30:43.970 [AsyncHttpClient-1-3] Recycler - -Dio.netty.recycler.maxCapacityPerThread: 4096
[DEBUG] 2023-01-30 18:30:43.971 [AsyncHttpClient-1-3] Recycler - -Dio.netty.recycler.ratio: 8
[DEBUG] 2023-01-30 18:30:43.971 [AsyncHttpClient-1-3] Recycler - -Dio.netty.recycler.chunkSize: 32
[DEBUG] 2023-01-30 18:30:43.972 [AsyncHttpClient-1-3] Recycler - -Dio.netty.recycler.blocking: false
[DEBUG] 2023-01-30 18:30:45.393 [AsyncHttpClient-1-2] Brotli - brotli4j not in the classpath; Brotli support will be unavailable.
[DEBUG] 2023-01-30 18:30:45.654 [TestNG-tests-1] ThreadLocalRandom - -Dio.netty.initialSeedUniquifier: 0x66f2d6552105a67d
[INFO ] 2023-01-30 18:30:53.525 [TestNG-tests-2] LoginPageTest - setup
[INFO ] 2023-01-30 18:30:54.721 [TestNG-tests-1] RegisterPageTest - setup
[INFO ] 2023-01-30 18:30:56.712 [TestNG-tests-2] LoginPage - navigate to create account
[INFO ] 2023-01-30 18:30:56.713 [TestNG-tests-2] LoginPageTest - navigate to login page
]]></system-out>
    <system-err><![CDATA[SLF4J: Failed to load class "org.slf4j.impl.StaticLoggerBinder".
SLF4J: Defaulting to no-operation (NOP) logger implementation
SLF4J: See http://www.slf4j.org/codes.html#StaticLoggerBinder for further details.
Starting ChromeDriver 109.0.5414.74 (e7c5703604daa9cc128ccf5a5d3e993513758913-refs/branch-heads/5414@{#1172}) on port 60222
Only local connections are allowed.
Please see https://chromedriver.chromium.org/security-considerations for suggestions on keeping ChromeDriver safe.
Starting ChromeDriver 109.0.5414.74 (e7c5703604daa9cc128ccf5a5d3e993513758913-refs/branch-heads/5414@{#1172}) on port 55908
Only local connections are allowed.
Please see https://chromedriver.chromium.org/security-considerations for suggestions on keeping ChromeDriver safe.
ChromeDriver was started successfully.
ChromeDriver was started successfully.
Jan 30, 2023 6:30:45 PM org.openqa.selenium.remote.ProtocolHandshake createSession
INFO: Detected upstream dialect: W3C
Jan 30, 2023 6:30:45 PM org.openqa.selenium.remote.ProtocolHandshake createSession
INFO: Detected upstream dialect: W3C
Jan 30, 2023 6:30:45 PM org.openqa.selenium.devtools.CdpVersionFinder findNearestMatch
WARNING: Unable to find an exact match for CDP version 109, so returning the closest version found: a no-op implementation
Jan 30, 2023 6:30:45 PM org.openqa.selenium.devtools.CdpVersionFinder findNearestMatch
WARNING: Unable to find an exact match for CDP version 109, so returning the closest version found: a no-op implementation
Jan 30, 2023 6:30:45 PM org.openqa.selenium.devtools.CdpVersionFinder findNearestMatch
INFO: Unable to find CDP implementation matching 109.
Jan 30, 2023 6:30:45 PM org.openqa.selenium.devtools.CdpVersionFinder findNearestMatch
INFO: Unable to find CDP implementation matching 109.
Jan 30, 2023 6:30:45 PM org.openqa.selenium.chromium.ChromiumDriver lambda$new$3
WARNING: Unable to find version of CDP to use for . You may need to include a dependency on a specific version of the CDP using something similar to `org.seleniumhq.selenium:selenium-devtools-v86:4.4.0` where the version ("v86") matches the version of the chromium-based browser you're using and the version number of the artifact is the same as Selenium's.
Jan 30, 2023 6:30:45 PM org.openqa.selenium.chromium.ChromiumDriver lambda$new$3
WARNING: Unable to find version of CDP to use for . You may need to include a dependency on a specific version of the CDP using something similar to `org.seleniumhq.selenium:selenium-devtools-v86:4.4.0` where the version ("v86") matches the version of the chromium-based browser you're using and the version number of the artifact is the same as Selenium's.
]]></system-err>
  </testcase>
  <testcase name="loginTest" classname="com.luma.testcases.LoginPageTest" time="0.488">
    <failure message="&#10;[public void com.luma.testcases.LoginPageTest.loginTest(java.lang.String,java.lang.String) throws java.lang.InterruptedException] has no parameters defined but was found to be using a data provider (either explicitly specified or inherited from class level annotation).&#10;Data provider mismatch&#10;Method: loginTest([java.lang.String arg0, java.lang.String arg1])&#10;Arguments: [(java.lang.String) Charlie,(java.lang.String) Hebdo,(java.lang.String) charlie@gmail.com,(java.lang.String) Charlie#02,(java.lang.String) Charlie#02]" type="org.testng.internal.reflect.MethodMatcherException"><![CDATA[org.testng.internal.reflect.MethodMatcherException: 

[public void com.luma.testcases.LoginPageTest.loginTest(java.lang.String,java.lang.String) throws java.lang.InterruptedException] has no parameters defined but was found to be using a data provider (either explicitly specified or inherited from class level annotation).
Data provider mismatch
Method: loginTest([java.lang.String arg0, java.lang.String arg1])
Arguments: [(java.lang.String) Charlie,(java.lang.String) Hebdo,(java.lang.String) charlie@gmail.com,(java.lang.String) Charlie#02,(java.lang.String) Charlie#02]
]]></failure>
    <system-out><![CDATA[[DEBUG] 2023-01-30 18:30:58.167 [TestNG-tests-1] PackageRelationshipCollection - Parsing relationship: /xl/_rels/workbook.xml.rels
[DEBUG] 2023-01-30 18:30:58.171 [TestNG-tests-1] PackageRelationshipCollection - Parsing relationship: /xl/worksheets/_rels/sheet1.xml.rels
[DEBUG] 2023-01-30 18:30:58.175 [TestNG-tests-1] PackageRelationshipCollection - Parsing relationship: /xl/worksheets/_rels/sheet2.xml.rels
[DEBUG] 2023-01-30 18:30:58.176 [TestNG-tests-1] PackageRelationshipCollection - Parsing relationship: /_rels/.rels
[DEBUG] 2023-01-30 18:30:58.469 [TestNG-tests-1] POIXMLFactory - using default POIXMLDocumentPart for http://schemas.openxmlformats.org/officeDocument/2006/relationships/printerSettings
[DEBUG] 2023-01-30 18:30:58.473 [TestNG-tests-2] POIXMLFactory - using default POIXMLDocumentPart for http://schemas.openxmlformats.org/officeDocument/2006/relationships/printerSettings
]]></system-out>
  </testcase>
  <testcase name="verifyLoginTest" classname="com.luma.testcases.LoginPageTest" time="0.094">
    <system-out><![CDATA[Logged in successfully
[INFO ] 2023-01-30 18:30:59.331 [TestNG-tests-2] LoginPage - verify login
[INFO ] 2023-01-30 18:30:59.332 [TestNG-tests-2] LoginPageTest - verifying login
]]></system-out>
  </testcase>
  <testcase name="navTest" classname="com.luma.testcases.RegisterPageTest" time="0">
    <skipped message="stale element reference: element is not attached to the page document&#10;  (Session info: chrome=109.0.5414.120)&#10;For documentation on this error, please visit: https://selenium.dev/exceptions/#stale_element_reference&#10;Build info: version: &apos;4.4.0&apos;, revision: &apos;e5c75ed026a&apos;&#10;System info: host: &apos;SEVEN-BITS&apos;, ip: &apos;192.168.0.106&apos;, os.name: &apos;Windows 11&apos;, os.arch: &apos;amd64&apos;, os.version: &apos;10.0&apos;, java.version: &apos;11.0.17&apos;&#10;Driver info: org.openqa.selenium.chrome.ChromeDriver&#10;Command: [90c39f00ebdf7b4c15f78cb8fa2bb748, clickElement {id=94436a72-654d-4337-8f43-412fca83211d}]&#10;Capabilities {acceptInsecureCerts: false, browserName: chrome, browserVersion: 109.0.5414.120, chrome: {chromedriverVersion: 109.0.5414.74 (e7c5703604da..., userDataDir: C:\Users\Asus\AppData\Local...}, goog:chromeOptions: {debuggerAddress: localhost:57774}, networkConnectionEnabled: false, pageLoadStrategy: normal, platformName: WINDOWS, proxy: Proxy(), se:cdp: ws://localhost:57774/devtoo..., se:cdpVersion: 109.0.5414.120, setWindowRect: true, strictFileInteractability: false, timeouts: {implicit: 0, pageLoad: 300000, script: 30000}, unhandledPromptBehavior: dismiss and notify, webauthn:extension:credBlob: true, webauthn:extension:largeBlob: true, webauthn:virtualAuthenticators: true}&#10;Element: [[ChromeDriver: chrome on WINDOWS (90c39f00ebdf7b4c15f78cb8fa2bb748)] -&gt; xpath: //header/div[1]/div[1]/ul[1]/li[3]/a[1]]&#10;Session ID: 90c39f00ebdf7b4c15f78cb8fa2bb748"/>
  </testcase>
  <testcase name="navTest" classname="com.luma.testcases.RegisterPageTest" time="1.348">
    <system-out><![CDATA[[DEBUG] 2023-01-30 18:30:57.076 [TestNG-tests-2] PackageRelationshipCollection - Parsing relationship: /xl/_rels/workbook.xml.rels
[DEBUG] 2023-01-30 18:30:57.083 [TestNG-tests-2] PackageRelationshipCollection - Parsing relationship: /xl/worksheets/_rels/sheet1.xml.rels
[DEBUG] 2023-01-30 18:30:57.087 [TestNG-tests-2] PackageRelationshipCollection - Parsing relationship: /xl/worksheets/_rels/sheet2.xml.rels
[DEBUG] 2023-01-30 18:30:57.154 [TestNG-tests-2] PackageRelationshipCollection - Parsing relationship: /_rels/.rels
[INFO ] 2023-01-30 18:30:58.128 [TestNG-tests-1] RegisterPage - navigate to create account
[INFO ] 2023-01-30 18:30:58.128 [TestNG-tests-1] RegisterPageTest - navigate to register page
]]></system-out>
  </testcase>
  <testcase name="fillDetailsTest[Charlie, Hebdo, charlie@gmail.com, Charlie#02, Charlie#02](1)" classname="com.luma.testcases.RegisterPageTest" time="0">
    <skipped message="Session ID is null. Using WebDriver after calling quit()?&#10;Build info: version: &apos;4.4.0&apos;, revision: &apos;e5c75ed026a&apos;&#10;System info: host: &apos;SEVEN-BITS&apos;, ip: &apos;192.168.0.106&apos;, os.name: &apos;Windows 11&apos;, os.arch: &apos;amd64&apos;, os.version: &apos;10.0&apos;, java.version: &apos;11.0.17&apos;&#10;Driver info: org.openqa.selenium.chrome.ChromeDriver&#10;Command: [null, findElement {using=id, value=firstname}]&#10;Capabilities {acceptInsecureCerts: false, browserName: chrome, browserVersion: 109.0.5414.120, chrome: {chromedriverVersion: 109.0.5414.74 (e7c5703604da..., userDataDir: C:\Users\Asus\AppData\Local...}, goog:chromeOptions: {debuggerAddress: localhost:57774}, networkConnectionEnabled: false, pageLoadStrategy: normal, platformName: WINDOWS, proxy: Proxy(), se:cdp: ws://localhost:57774/devtoo..., se:cdpVersion: 109.0.5414.120, setWindowRect: true, strictFileInteractability: false, timeouts: {implicit: 0, pageLoad: 300000, script: 30000}, unhandledPromptBehavior: dismiss and notify, webauthn:extension:credBlob: true, webauthn:extension:largeBlob: true, webauthn:virtualAuthenticators: true}"/>
    <system-out><![CDATA[[INFO ] 2023-01-30 18:30:59.923 [TestNG-tests-2] LoginPageTest - close the browser
]]></system-out>
  </testcase>
  <testcase name="fillDetailsTest[Charlie, Hebdo, charlie@gmail.com, Charlie#02, Charlie#02](2)" classname="com.luma.testcases.RegisterPageTest" time="0">
    <skipped message="Session ID is null. Using WebDriver after calling quit()?&#10;Build info: version: &apos;4.4.0&apos;, revision: &apos;e5c75ed026a&apos;&#10;System info: host: &apos;SEVEN-BITS&apos;, ip: &apos;192.168.0.106&apos;, os.name: &apos;Windows 11&apos;, os.arch: &apos;amd64&apos;, os.version: &apos;10.0&apos;, java.version: &apos;11.0.17&apos;&#10;Driver info: org.openqa.selenium.chrome.ChromeDriver&#10;Command: [null, findElement {using=id, value=firstname}]&#10;Capabilities {acceptInsecureCerts: false, browserName: chrome, browserVersion: 109.0.5414.120, chrome: {chromedriverVersion: 109.0.5414.74 (e7c5703604da..., userDataDir: C:\Users\Asus\AppData\Local...}, goog:chromeOptions: {debuggerAddress: localhost:57774}, networkConnectionEnabled: false, pageLoadStrategy: normal, platformName: WINDOWS, proxy: Proxy(), se:cdp: ws://localhost:57774/devtoo..., se:cdpVersion: 109.0.5414.120, setWindowRect: true, strictFileInteractability: false, timeouts: {implicit: 0, pageLoad: 300000, script: 30000}, unhandledPromptBehavior: dismiss and notify, webauthn:extension:credBlob: true, webauthn:extension:largeBlob: true, webauthn:virtualAuthenticators: true}"/>
    <system-out><![CDATA[[DEBUG] 2023-01-30 18:31:00.799 [TestNG-tests-1] PackageRelationshipCollection - Parsing relationship: /xl/_rels/workbook.xml.rels
[DEBUG] 2023-01-30 18:31:00.804 [TestNG-tests-1] PackageRelationshipCollection - Parsing relationship: /xl/worksheets/_rels/sheet1.xml.rels
[DEBUG] 2023-01-30 18:31:00.808 [TestNG-tests-1] PackageRelationshipCollection - Parsing relationship: /xl/worksheets/_rels/sheet2.xml.rels
[DEBUG] 2023-01-30 18:31:00.810 [TestNG-tests-1] PackageRelationshipCollection - Parsing relationship: /_rels/.rels
[DEBUG] 2023-01-30 18:31:00.853 [TestNG-tests-1] POIXMLFactory - using default POIXMLDocumentPart for http://schemas.openxmlformats.org/officeDocument/2006/relationships/printerSettings
]]></system-out>
    <system-err><![CDATA[Starting ChromeDriver 109.0.5414.74 (e7c5703604daa9cc128ccf5a5d3e993513758913-refs/branch-heads/5414@{#1172}) on port 60374
Only local connections are allowed.
Please see https://chromedriver.chromium.org/security-considerations for suggestions on keeping ChromeDriver safe.
ChromeDriver was started successfully.
Jan 30, 2023 6:31:02 PM org.openqa.selenium.remote.ProtocolHandshake createSession
INFO: Detected upstream dialect: W3C
Jan 30, 2023 6:31:02 PM org.openqa.selenium.devtools.CdpVersionFinder findNearestMatch
WARNING: Unable to find an exact match for CDP version 109, so returning the closest version found: a no-op implementation
Jan 30, 2023 6:31:02 PM org.openqa.selenium.devtools.CdpVersionFinder findNearestMatch
INFO: Unable to find CDP implementation matching 109.
Jan 30, 2023 6:31:02 PM org.openqa.selenium.chromium.ChromiumDriver lambda$new$3
WARNING: Unable to find version of CDP to use for . You may need to include a dependency on a specific version of the CDP using something similar to `org.seleniumhq.selenium:selenium-devtools-v86:4.4.0` where the version ("v86") matches the version of the chromium-based browser you're using and the version number of the artifact is the same as Selenium's.
]]></system-err>
  </testcase>
  <testcase name="fillDetailsTest[Charlie, Hebdo, charlie@gmail.com, Charlie#02, Charlie#02](3)" classname="com.luma.testcases.RegisterPageTest" time="0">
    <skipped message="Session ID is null. Using WebDriver after calling quit()?&#10;Build info: version: &apos;4.4.0&apos;, revision: &apos;e5c75ed026a&apos;&#10;System info: host: &apos;SEVEN-BITS&apos;, ip: &apos;192.168.0.106&apos;, os.name: &apos;Windows 11&apos;, os.arch: &apos;amd64&apos;, os.version: &apos;10.0&apos;, java.version: &apos;11.0.17&apos;&#10;Driver info: org.openqa.selenium.chrome.ChromeDriver&#10;Command: [null, findElement {using=id, value=firstname}]&#10;Capabilities {acceptInsecureCerts: false, browserName: chrome, browserVersion: 109.0.5414.120, chrome: {chromedriverVersion: 109.0.5414.74 (e7c5703604da..., userDataDir: C:\Users\Asus\AppData\Local...}, goog:chromeOptions: {debuggerAddress: localhost:57774}, networkConnectionEnabled: false, pageLoadStrategy: normal, platformName: WINDOWS, proxy: Proxy(), se:cdp: ws://localhost:57774/devtoo..., se:cdpVersion: 109.0.5414.120, setWindowRect: true, strictFileInteractability: false, timeouts: {implicit: 0, pageLoad: 300000, script: 30000}, unhandledPromptBehavior: dismiss and notify, webauthn:extension:credBlob: true, webauthn:extension:largeBlob: true, webauthn:virtualAuthenticators: true}"/>
    <system-out><![CDATA[[DEBUG] 2023-01-30 18:31:02.918 [TestNG-tests-1] PackageRelationshipCollection - Parsing relationship: /xl/_rels/workbook.xml.rels
[DEBUG] 2023-01-30 18:31:02.920 [TestNG-tests-1] PackageRelationshipCollection - Parsing relationship: /xl/worksheets/_rels/sheet1.xml.rels
[DEBUG] 2023-01-30 18:31:02.923 [TestNG-tests-1] PackageRelationshipCollection - Parsing relationship: /xl/worksheets/_rels/sheet2.xml.rels
[DEBUG] 2023-01-30 18:31:02.927 [TestNG-tests-1] PackageRelationshipCollection - Parsing relationship: /_rels/.rels
[DEBUG] 2023-01-30 18:31:02.982 [TestNG-tests-1] POIXMLFactory - using default POIXMLDocumentPart for http://schemas.openxmlformats.org/officeDocument/2006/relationships/printerSettings
]]></system-out>
  </testcase>
  <testcase name="fillDetailsTest[Charlie, Hebdo, charlie@gmail.com, Charlie#02, Charlie#02](4)" classname="com.luma.testcases.RegisterPageTest" time="1.476">
    <failure message="Session ID is null. Using WebDriver after calling quit()?&#10;Build info: version: &apos;4.4.0&apos;, revision: &apos;e5c75ed026a&apos;&#10;System info: host: &apos;SEVEN-BITS&apos;, ip: &apos;192.168.0.106&apos;, os.name: &apos;Windows 11&apos;, os.arch: &apos;amd64&apos;, os.version: &apos;10.0&apos;, java.version: &apos;11.0.17&apos;&#10;Driver info: org.openqa.selenium.chrome.ChromeDriver&#10;Command: [null, findElement {using=id, value=firstname}]&#10;Capabilities {acceptInsecureCerts: false, browserName: chrome, browserVersion: 109.0.5414.120, chrome: {chromedriverVersion: 109.0.5414.74 (e7c5703604da..., userDataDir: C:\Users\Asus\AppData\Local...}, goog:chromeOptions: {debuggerAddress: localhost:57774}, networkConnectionEnabled: false, pageLoadStrategy: normal, platformName: WINDOWS, proxy: Proxy(), se:cdp: ws://localhost:57774/devtoo..., se:cdpVersion: 109.0.5414.120, setWindowRect: true, strictFileInteractability: false, timeouts: {implicit: 0, pageLoad: 300000, script: 30000}, unhandledPromptBehavior: dismiss and notify, webauthn:extension:credBlob: true, webauthn:extension:largeBlob: true, webauthn:virtualAuthenticators: true}" type="org.openqa.selenium.NoSuchSessionException"><![CDATA[org.openqa.selenium.NoSuchSessionException: 
Session ID is null. Using WebDriver after calling quit()?
Build info: version: '4.4.0', revision: 'e5c75ed026a'
System info: host: 'SEVEN-BITS', ip: '192.168.0.106', os.name: 'Windows 11', os.arch: 'amd64', os.version: '10.0', java.version: '11.0.17'
Driver info: org.openqa.selenium.chrome.ChromeDriver
Command: [null, findElement {using=id, value=firstname}]
Capabilities {acceptInsecureCerts: false, browserName: chrome, browserVersion: 109.0.5414.120, chrome: {chromedriverVersion: 109.0.5414.74 (e7c5703604da..., userDataDir: C:\Users\Asus\AppData\Local...}, goog:chromeOptions: {debuggerAddress: localhost:57774}, networkConnectionEnabled: false, pageLoadStrategy: normal, platformName: WINDOWS, proxy: Proxy(), se:cdp: ws://localhost:57774/devtoo..., se:cdpVersion: 109.0.5414.120, setWindowRect: true, strictFileInteractability: false, timeouts: {implicit: 0, pageLoad: 300000, script: 30000}, unhandledPromptBehavior: dismiss and notify, webauthn:extension:credBlob: true, webauthn:extension:largeBlob: true, webauthn:virtualAuthenticators: true}
	at com.luma.testcases.RegisterPageTest.fillDetailsTest(RegisterPageTest.java:47)
]]></failure>
    <system-out><![CDATA[[DEBUG] 2023-01-30 18:31:05.077 [TestNG-tests-1] PackageRelationshipCollection - Parsing relationship: /xl/_rels/workbook.xml.rels
[DEBUG] 2023-01-30 18:31:05.081 [TestNG-tests-1] PackageRelationshipCollection - Parsing relationship: /xl/worksheets/_rels/sheet1.xml.rels
[DEBUG] 2023-01-30 18:31:05.084 [TestNG-tests-1] PackageRelationshipCollection - Parsing relationship: /xl/worksheets/_rels/sheet2.xml.rels
[DEBUG] 2023-01-30 18:31:05.087 [TestNG-tests-1] PackageRelationshipCollection - Parsing relationship: /_rels/.rels
[DEBUG] 2023-01-30 18:31:05.117 [TestNG-tests-1] POIXMLFactory - using default POIXMLDocumentPart for http://schemas.openxmlformats.org/officeDocument/2006/relationships/printerSettings
[INFO ] 2023-01-30 18:31:12.980 [TestNG-tests-2] HomePageTest - setup
]]></system-out>
  </testcase>
  <testcase name="listPageTest" classname="com.luma.testcases.HomePageTest" time="0">
    <skipped message="Error communicating with the remote browser. It may have died.&#10;Build info: version: &apos;4.4.0&apos;, revision: &apos;e5c75ed026a&apos;&#10;System info: host: &apos;SEVEN-BITS&apos;, ip: &apos;192.168.0.106&apos;, os.name: &apos;Windows 11&apos;, os.arch: &apos;amd64&apos;, os.version: &apos;10.0&apos;, java.version: &apos;11.0.17&apos;&#10;Driver info: org.openqa.selenium.chrome.ChromeDriver&#10;Command: [3893f010e303c03a6eda6b7b95fc2b20, findElements {using=xpath, value=/html[1]/body[1]/div[2]/div[1]/div[1]/div[2]/nav[1]/ul[1]/li}]&#10;Capabilities {acceptInsecureCerts: false, browserName: chrome, browserVersion: 109.0.5414.120, chrome: {chromedriverVersion: 109.0.5414.74 (e7c5703604da..., userDataDir: C:\Users\Asus\AppData\Local...}, goog:chromeOptions: {debuggerAddress: localhost:57818}, networkConnectionEnabled: false, pageLoadStrategy: normal, platformName: WINDOWS, proxy: Proxy(), se:cdp: ws://localhost:57818/devtoo..., se:cdpVersion: 109.0.5414.120, setWindowRect: true, strictFileInteractability: false, timeouts: {implicit: 0, pageLoad: 300000, script: 30000}, unhandledPromptBehavior: dismiss and notify, webauthn:extension:credBlob: true, webauthn:extension:largeBlob: true, webauthn:virtualAuthenticators: true}&#10;Session ID: 3893f010e303c03a6eda6b7b95fc2b20"/>
  </testcase>
  <testcase name="listPageTest" classname="com.luma.testcases.HomePageTest" time="0">
    <skipped message="no such window: target window already closed&#10;from unknown error: web view not found&#10;  (Session info: chrome=109.0.5414.120)&#10;Build info: version: &apos;4.4.0&apos;, revision: &apos;e5c75ed026a&apos;&#10;System info: host: &apos;SEVEN-BITS&apos;, ip: &apos;192.168.0.106&apos;, os.name: &apos;Windows 11&apos;, os.arch: &apos;amd64&apos;, os.version: &apos;10.0&apos;, java.version: &apos;11.0.17&apos;&#10;Driver info: org.openqa.selenium.chrome.ChromeDriver&#10;Command: [2849944602be62b2001a738a38cdf66c, getElementText {id=03ebb6b8-31f4-4316-bdc0-8fca5252d619}]&#10;Capabilities {acceptInsecureCerts: false, browserName: chrome, browserVersion: 109.0.5414.120, chrome: {chromedriverVersion: 109.0.5414.74 (e7c5703604da..., userDataDir: C:\Users\Asus\AppData\Local...}, goog:chromeOptions: {debuggerAddress: localhost:57852}, networkConnectionEnabled: false, pageLoadStrategy: normal, platformName: WINDOWS, proxy: Proxy(), se:cdp: ws://localhost:57852/devtoo..., se:cdpVersion: 109.0.5414.120, setWindowRect: true, strictFileInteractability: false, timeouts: {implicit: 0, pageLoad: 300000, script: 30000}, unhandledPromptBehavior: dismiss and notify, webauthn:extension:credBlob: true, webauthn:extension:largeBlob: true, webauthn:virtualAuthenticators: true}&#10;Element: [[ChromeDriver: chrome on WINDOWS (2849944602be62b2001a738a38cdf66c)] -&gt; xpath: /html[1]/body[1]/div[2]/div[1]/div[1]/div[2]/nav[1]/ul[1]/li]&#10;Session ID: 2849944602be62b2001a738a38cdf66c"/>
    <system-out><![CDATA[[INFO ] 2023-01-30 18:31:15.054 [TestNG-tests-1] RegisterPageTest - close the browser
[INFO ] 2023-01-30 18:31:26.227 [TestNG-tests-2] HomePageTest - setup
]]></system-out>
    <system-err><![CDATA[Starting ChromeDriver 109.0.5414.74 (e7c5703604daa9cc128ccf5a5d3e993513758913-refs/branch-heads/5414@{#1172}) on port 59079
Only local connections are allowed.
Please see https://chromedriver.chromium.org/security-considerations for suggestions on keeping ChromeDriver safe.
ChromeDriver was started successfully.
Jan 30, 2023 6:31:16 PM org.openqa.selenium.remote.ProtocolHandshake createSession
INFO: Detected upstream dialect: W3C
Jan 30, 2023 6:31:16 PM org.openqa.selenium.devtools.CdpVersionFinder findNearestMatch
WARNING: Unable to find an exact match for CDP version 109, so returning the closest version found: a no-op implementation
Jan 30, 2023 6:31:16 PM org.openqa.selenium.devtools.CdpVersionFinder findNearestMatch
INFO: Unable to find CDP implementation matching 109.
Jan 30, 2023 6:31:16 PM org.openqa.selenium.chromium.ChromiumDriver lambda$new$3
WARNING: Unable to find version of CDP to use for . You may need to include a dependency on a specific version of the CDP using something similar to `org.seleniumhq.selenium:selenium-devtools-v86:4.4.0` where the version ("v86") matches the version of the chromium-based browser you're using and the version number of the artifact is the same as Selenium's.
]]></system-err>
  </testcase>
  <testcase name="listPageTest" classname="com.luma.testcases.HomePageTest" time="0">
    <skipped message="Error communicating with the remote browser. It may have died.&#10;Build info: version: &apos;4.4.0&apos;, revision: &apos;e5c75ed026a&apos;&#10;System info: host: &apos;SEVEN-BITS&apos;, ip: &apos;192.168.0.106&apos;, os.name: &apos;Windows 11&apos;, os.arch: &apos;amd64&apos;, os.version: &apos;10.0&apos;, java.version: &apos;11.0.17&apos;&#10;Driver info: org.openqa.selenium.chrome.ChromeDriver&#10;Command: [f57c4bc312bbfd6e99eb2fe9c248e9fb, findElements {using=xpath, value=/html[1]/body[1]/div[2]/div[1]/div[1]/div[2]/nav[1]/ul[1]/li}]&#10;Capabilities {acceptInsecureCerts: false, browserName: chrome, browserVersion: 109.0.5414.120, chrome: {chromedriverVersion: 109.0.5414.74 (e7c5703604da..., userDataDir: C:\Users\Asus\AppData\Local...}, goog:chromeOptions: {debuggerAddress: localhost:57877}, networkConnectionEnabled: false, pageLoadStrategy: normal, platformName: WINDOWS, proxy: Proxy(), se:cdp: ws://localhost:57877/devtoo..., se:cdpVersion: 109.0.5414.120, setWindowRect: true, strictFileInteractability: false, timeouts: {implicit: 0, pageLoad: 300000, script: 30000}, unhandledPromptBehavior: dismiss and notify, webauthn:extension:credBlob: true, webauthn:extension:largeBlob: true, webauthn:virtualAuthenticators: true}&#10;Session ID: f57c4bc312bbfd6e99eb2fe9c248e9fb"/>
  </testcase>
  <testcase name="setup[chrome](0)" classname="com.luma.testcases.HomePageTest" time="26.154">
    <failure message="Error communicating with the remote browser. It may have died.&#10;Build info: version: &apos;4.4.0&apos;, revision: &apos;e5c75ed026a&apos;&#10;System info: host: &apos;SEVEN-BITS&apos;, ip: &apos;192.168.0.106&apos;, os.name: &apos;Windows 11&apos;, os.arch: &apos;amd64&apos;, os.version: &apos;10.0&apos;, java.version: &apos;11.0.17&apos;&#10;Driver info: org.openqa.selenium.chrome.ChromeDriver&#10;Command: [f57c4bc312bbfd6e99eb2fe9c248e9fb, get {url=https://magento.softwaretestingboard.com/}]&#10;Capabilities {acceptInsecureCerts: false, browserName: chrome, browserVersion: 109.0.5414.120, chrome: {chromedriverVersion: 109.0.5414.74 (e7c5703604da..., userDataDir: C:\Users\Asus\AppData\Local...}, goog:chromeOptions: {debuggerAddress: localhost:57877}, networkConnectionEnabled: false, pageLoadStrategy: normal, platformName: WINDOWS, proxy: Proxy(), se:cdp: ws://localhost:57877/devtoo..., se:cdpVersion: 109.0.5414.120, setWindowRect: true, strictFileInteractability: false, timeouts: {implicit: 0, pageLoad: 300000, script: 30000}, unhandledPromptBehavior: dismiss and notify, webauthn:extension:credBlob: true, webauthn:extension:largeBlob: true, webauthn:virtualAuthenticators: true}&#10;Session ID: f57c4bc312bbfd6e99eb2fe9c248e9fb" type="org.openqa.selenium.remote.UnreachableBrowserException"><![CDATA[org.openqa.selenium.remote.UnreachableBrowserException: 
Error communicating with the remote browser. It may have died.
Build info: version: '4.4.0', revision: 'e5c75ed026a'
System info: host: 'SEVEN-BITS', ip: '192.168.0.106', os.name: 'Windows 11', os.arch: 'amd64', os.version: '10.0', java.version: '11.0.17'
Driver info: org.openqa.selenium.chrome.ChromeDriver
Command: [f57c4bc312bbfd6e99eb2fe9c248e9fb, get {url=https://magento.softwaretestingboard.com/}]
Capabilities {acceptInsecureCerts: false, browserName: chrome, browserVersion: 109.0.5414.120, chrome: {chromedriverVersion: 109.0.5414.74 (e7c5703604da..., userDataDir: C:\Users\Asus\AppData\Local...}, goog:chromeOptions: {debuggerAddress: localhost:57877}, networkConnectionEnabled: false, pageLoadStrategy: normal, platformName: WINDOWS, proxy: Proxy(), se:cdp: ws://localhost:57877/devtoo..., se:cdpVersion: 109.0.5414.120, setWindowRect: true, strictFileInteractability: false, timeouts: {implicit: 0, pageLoad: 300000, script: 30000}, unhandledPromptBehavior: dismiss and notify, webauthn:extension:credBlob: true, webauthn:extension:largeBlob: true, webauthn:virtualAuthenticators: true}
Session ID: f57c4bc312bbfd6e99eb2fe9c248e9fb
	at com.luma.testcases.HomePageTest.setup(HomePageTest.java:28)
Caused by: java.io.UncheckedIOException: java.io.IOException: An existing connection was forcibly closed by the remote host
	at com.luma.testcases.HomePageTest.setup(HomePageTest.java:28)
Caused by: java.io.IOException: An existing connection was forcibly closed by the remote host
]]></failure>
    <system-err><![CDATA[Starting ChromeDriver 109.0.5414.74 (e7c5703604daa9cc128ccf5a5d3e993513758913-refs/branch-heads/5414@{#1172}) on port 58340
Only local connections are allowed.
Please see https://chromedriver.chromium.org/security-considerations for suggestions on keeping ChromeDriver safe.
ChromeDriver was started successfully.
Jan 30, 2023 6:31:35 PM org.openqa.selenium.remote.ProtocolHandshake createSession
INFO: Detected upstream dialect: W3C
Jan 30, 2023 6:31:35 PM org.openqa.selenium.devtools.CdpVersionFinder findNearestMatch
WARNING: Unable to find an exact match for CDP version 109, so returning the closest version found: a no-op implementation
Jan 30, 2023 6:31:35 PM org.openqa.selenium.devtools.CdpVersionFinder findNearestMatch
INFO: Unable to find CDP implementation matching 109.
Jan 30, 2023 6:31:35 PM org.openqa.selenium.chromium.ChromiumDriver lambda$new$3
WARNING: Unable to find version of CDP to use for . You may need to include a dependency on a specific version of the CDP using something similar to `org.seleniumhq.selenium:selenium-devtools-v86:4.4.0` where the version ("v86") matches the version of the chromium-based browser you're using and the version number of the artifact is the same as Selenium's.
[1675083697.296][WARNING]: Processing messages while being disconnected
]]></system-err>
  </testcase>
  <testcase name="setup" classname="com.luma.testcases.HomePageTest" time="0">
    <skipped/>
  </testcase>
</testsuite>