<?xml version="1.0" encoding="UTF-8"?>
<testng-results ignored="0" total="3" passed="3" failed="0" skipped="0">
  <reporter-output>
  </reporter-output>
  <suite started-at="2023-01-30T10:12:23 IST" name="LumaSuite" finished-at="2023-01-30T10:12:34 IST" duration-ms="10116">
    <groups>
    </groups>
    <test started-at="2023-01-30T10:12:23 IST" name="LoginTest" finished-at="2023-01-30T10:12:34 IST" duration-ms="10116">
      <class name="com.luma.testcases.LoginPageTest">
        <test-method is-config="true" signature="setUp(java.lang.String)[pri:0, instance:com.luma.testcases.LoginPageTest@5d5d9e5]" started-at="2023-01-30T10:12:23 IST" name="setUp" finished-at="2023-01-30T10:12:29 IST" duration-ms="5480" status="PASS">
          <params>
            <param index="0">
              <value>
                <![CDATA[chrome]]>
              </value>
            </param>
          </params>
          <reporter-output>
          </reporter-output>
        </test-method> <!-- setUp -->
        <test-method signature="navTest()[pri:0, instance:com.luma.testcases.LoginPageTest@5d5d9e5]" started-at="2023-01-30T10:12:29 IST" name="navTest" finished-at="2023-01-30T10:12:30 IST" duration-ms="1372" status="PASS">
          <reporter-output>
          </reporter-output>
        </test-method> <!-- navTest -->
        <test-method signature="loginTest(java.lang.String,java.lang.String)[pri:0, instance:com.luma.testcases.LoginPageTest@5d5d9e5]" started-at="2023-01-30T10:12:31 IST" name="loginTest" data-provider="excelData" finished-at="2023-01-30T10:12:33 IST" duration-ms="2152" status="PASS">
          <params>
            <param index="0">
              <value>
                <![CDATA[vishal@sbt.com]]>
              </value>
            </param>
            <param index="1">
              <value>
                <![CDATA[Vishal@26]]>
              </value>
            </param>
          </params>
          <reporter-output>
          </reporter-output>
        </test-method> <!-- loginTest -->
        <test-method signature="verifyLoginTest()[pri:0, instance:com.luma.testcases.LoginPageTest@5d5d9e5]" started-at="2023-01-30T10:12:33 IST" name="verifyLoginTest" finished-at="2023-01-30T10:12:33 IST" duration-ms="102" status="PASS">
          <reporter-output>
          </reporter-output>
        </test-method> <!-- verifyLoginTest -->
        <test-method is-config="true" signature="tearDown()[pri:0, instance:com.luma.testcases.LoginPageTest@5d5d9e5]" started-at="2023-01-30T10:12:33 IST" name="tearDown" finished-at="2023-01-30T10:12:34 IST" duration-ms="306" status="PASS">
          <reporter-output>
          </reporter-output>
        </test-method> <!-- tearDown -->
      </class> <!-- com.luma.testcases.LoginPageTest -->
    </test> <!-- LoginTest -->
  </suite> <!-- LumaSuite -->
</testng-results>
